[debug] [2022-05-03T19:05:01.611Z] ----------------------------------------------------------------------
[debug] [2022-05-03T19:05:01.611Z] Command:       /Users/smorris/.nvm/versions/node/v16.14.2/bin/node /Users/smorris/.nvm/versions/node/v16.14.2/bin/firebase functions:shell
[debug] [2022-05-03T19:05:01.612Z] CLI Version:   10.7.1
[debug] [2022-05-03T19:05:01.612Z] Platform:      darwin
[debug] [2022-05-03T19:05:01.612Z] Node Version:  v16.14.2
[debug] [2022-05-03T19:05:01.612Z] Time:          Tue May 03 2022 15:05:01 GMT-0400 (Eastern Daylight Time)
[debug] [2022-05-03T19:05:01.612Z] ----------------------------------------------------------------------
[debug] 
[debug] [2022-05-03T19:05:01.640Z] > command requires scopes: ["email","openid","https://www.googleapis.com/auth/cloudplatformprojects.readonly","https://www.googleapis.com/auth/firebase","https://www.googleapis.com/auth/cloud-platform"]
[debug] [2022-05-03T19:05:01.640Z] > authorizing via signed-in user (stewshadow@gmail.com)
[debug] [2022-05-03T19:05:01.640Z] [iam] checking project time-tracker-669e3 for permissions ["firebase.projects.get"]
[debug] [2022-05-03T19:05:01.641Z] > refreshing access token with scopes: []
[debug] [2022-05-03T19:05:01.641Z] >>> HTTP REQUEST POST https://www.googleapis.com/oauth2/v3/token  
 <request body omitted>
[debug] [2022-05-03T19:05:01.921Z] <<< HTTP RESPONSE 200 {"expires":"Mon, 01 Jan 1990 00:00:00 GMT","pragma":"no-cache","date":"Tue, 03 May 2022 19:05:01 GMT","cache-control":"no-cache, no-store, max-age=0, must-revalidate","content-type":"application/json; charset=utf-8","vary":"X-Origin, Referer, Origin,Accept-Encoding","server":"scaffolding on HTTPServer2","x-xss-protection":"0","x-frame-options":"SAMEORIGIN","x-content-type-options":"nosniff","alt-svc":"h3=\":443\"; ma=2592000,h3-29=\":443\"; ma=2592000,h3-Q050=\":443\"; ma=2592000,h3-Q046=\":443\"; ma=2592000,h3-Q043=\":443\"; ma=2592000,quic=\":443\"; ma=2592000; v=\"46,43\"","accept-ranges":"none","transfer-encoding":"chunked"}
[debug] [2022-05-03T19:05:01.965Z] >>> [apiv2][query] POST https://cloudresourcemanager.googleapis.com/v1/projects/time-tracker-669e3:testIamPermissions [none]
[debug] [2022-05-03T19:05:01.965Z] >>> [apiv2][body] POST https://cloudresourcemanager.googleapis.com/v1/projects/time-tracker-669e3:testIamPermissions {"permissions":["firebase.projects.get"]}
[debug] [2022-05-03T19:05:02.209Z] <<< [apiv2][status] POST https://cloudresourcemanager.googleapis.com/v1/projects/time-tracker-669e3:testIamPermissions 200
[debug] [2022-05-03T19:05:02.210Z] <<< [apiv2][body] POST https://cloudresourcemanager.googleapis.com/v1/projects/time-tracker-669e3:testIamPermissions {"permissions":["firebase.projects.get"]}
[debug] [2022-05-03T19:05:02.212Z] >>> HTTP REQUEST GET http://localhost:4400/emulators  
 
[debug] [2022-05-03T19:05:02.219Z] <<< HTTP RESPONSE 200 {"x-powered-by":"Express","vary":"Origin","content-type":"application/json; charset=utf-8","content-length":"385","etag":"W/\"181-Qmv9L8RPLe94uHcpnoplculf7AA\"","date":"Tue, 03 May 2022 19:05:02 GMT","connection":"keep-alive","keep-alive":"timeout=5"}
[debug] [2022-05-03T19:05:02.219Z] Running emulators:  {"hub":{"name":"hub","host":"localhost","port":4400},"ui":{"name":"ui","host":"localhost","port":4000,"pid":68618},"logging":{"name":"logging","host":"localhost","port":4500},"functions":{"name":"functions","host":"localhost","port":5001},"firestore":{"name":"firestore","host":"localhost","port":8080,"pid":68607},"pubsub":{"name":"pubsub","host":"localhost","port":8085,"pid":68608}}
[warn] ⚠  functions: You are already running the Cloud Functions emulator on port 5001. Running the emulator and the Functions shell simultaenously can result in unexpected behavior. 
[debug] [2022-05-03T19:05:02.239Z] [functions] Using node@16 from host.
[debug] [2022-05-03T19:05:02.240Z] defaultcredentials: writing to file /Users/smorris/.config/firebase/stewshadow_gmail_com_application_default_credentials.json
[debug] [2022-05-03T19:05:02.241Z] DEBUG: Setting GAC to /Users/smorris/.config/firebase/stewshadow_gmail_com_application_default_credentials.json
[debug] [2022-05-03T19:05:02.242Z] >>> [apiv2][query] GET https://firebase.googleapis.com/v1beta1/projects/time-tracker-669e3/adminSdkConfig [none]
[debug] [2022-05-03T19:05:02.507Z] <<< [apiv2][status] GET https://firebase.googleapis.com/v1beta1/projects/time-tracker-669e3/adminSdkConfig 200
[debug] [2022-05-03T19:05:02.507Z] <<< [apiv2][body] GET https://firebase.googleapis.com/v1beta1/projects/time-tracker-669e3/adminSdkConfig {"projectId":"time-tracker-669e3","storageBucket":"time-tracker-669e3.appspot.com","locationId":"us-central"}
[debug] [2022-05-03T19:05:02.544Z] [functions] Watching "/Users/smorris/Desktop/CSCI320/term-project-mhe36-msalomo2-nyarnall-sboppana-smorri21-tdesimo1/functions" for Cloud Functions...
[debug] [2022-05-03T19:05:02.551Z] Validating nodejs source
[debug] [2022-05-03T19:05:03.101Z] > [functions] package.json contents: {
  "name": "functions",
  "scripts": {
    "lint": "eslint --ext .js,.ts .",
    "build": "tsc",
    "serve": "npm run build && firebase emulators:start --only functions",
    "shell": "npm run build && firebase functions:shell",
    "start": "npm run shell",
    "deploy": "firebase deploy --only functions",
    "logs": "firebase functions:log"
  },
  "engines": {
    "node": "16"
  },
  "main": "lib/index.js",
  "dependencies": {
    "firebase-admin": "^10.0.2",
    "firebase-functions": "^3.18.0"
  },
  "devDependencies": {
    "@typescript-eslint/eslint-plugin": "^5.12.0",
    "@typescript-eslint/parser": "^5.12.0",
    "eslint": "^8.9.0",
    "eslint-config-google": "^0.14.0",
    "eslint-plugin-import": "^2.25.4",
    "firebase-functions-test": "^0.2.0",
    "typescript": "^4.5.4"
  },
  "private": true
}
[debug] [2022-05-03T19:05:03.101Z] Building nodejs source
[debug] [2022-05-03T19:05:03.101Z] Analyzing nodejs backend spec
[debug] [2022-05-03T19:05:03.169Z] [functions[us-central1-createRecord]] function ignored because the firestore emulator does not exist or is not running.
[debug] [2022-05-03T19:05:03.169Z] [functions[us-central1-updateRecord]] function ignored because the firestore emulator does not exist or is not running.
[debug] [2022-05-03T19:05:03.169Z] [functions[us-central1-deleteRecord]] function ignored because the firestore emulator does not exist or is not running.
[debug] [2022-05-03T19:05:03.169Z] [functions[us-central1-updateWeeklyAvgs]] function ignored because the pubsub emulator does not exist or is not running.
[debug] [2022-05-03T19:05:03.169Z] [functions[us-central1-updateMonthlyAvgs]] function ignored because the pubsub emulator does not exist or is not running.
[info] i  functions: Loaded functions: createRecord, updateRecord, deleteRecord, updateWeeklyAvgs, updateMonthlyAvgs 
[info] i  functions: Connected to running firestore emulator at localhost:8080, calls to this service will affect the emulator 
[info] i  functions: Connected to running pubsub emulator at localhost:8085, calls to this service will affect the emulator 
[warn] ⚠  functions: The following emulators are not running, calls to these services will affect production: database, storage 
[debug] [2022-05-03T19:05:12.774Z] shell:updateWeeklyAvgs: trigger={"entryPoint":"updateWeeklyAvgs","platform":"gcfv1","region":"us-central1","name":"updateWeeklyAvgs","id":"us-central1-updateWeeklyAvgs","codebase":"default","labels":{"deployment-scheduled":"true"},"eventTrigger":{"eventType":"pubsub","resource":""},"schedule":{"schedule":"59 23 * * 0","timeZone":"America/New_York"}}
[debug] [2022-05-03T19:05:12.774Z] shell:updateWeeklyAvgs: opts={}, data={}
[debug] [2022-05-03T19:05:12.790Z] DEBUG: [worker-pool] addWorker(us-central1-updateWeeklyAvgs)
[debug] [2022-05-03T19:05:12.791Z] DEBUG: [worker-pool] Adding worker with key us-central1-updateWeeklyAvgs, total=1
[debug] [2022-05-03T19:05:12.791Z] DEBUG: [worker-pool] submitWork(triggerId=us-central1-updateWeeklyAvgs)
[debug] [2022-05-03T19:05:12.791Z] DEBUG: [worker-us-central1-updateWeeklyAvgs-14529bf2-dfe8-4510-b585-b5168c0369db]: Assigning socketPath: /var/folders/x7/h7kcw3vn4ws5jkwjhf8wt06h0000gn/T/fire_emu_70851.sock
[debug] [2022-05-03T19:05:12.791Z] DEBUG: [worker-us-central1-updateWeeklyAvgs-14529bf2-dfe8-4510-b585-b5168c0369db]: BUSY
[debug] [2022-05-03T19:05:13.118Z] DEBUG: [runtime-status] [70851] Functions runtime initialized. {"cwd":"/Users/smorris/Desktop/CSCI320/term-project-mhe36-msalomo2-nyarnall-sboppana-smorri21-tdesimo1/functions","node_version":"16.14.2"}
[debug] [2022-05-03T19:05:13.118Z] DEBUG: [runtime-status] [70851] Disabled runtime features: undefined
[debug] [2022-05-03T19:05:13.119Z] DEBUG: [runtime-status] [70851] Resolved module firebase-admin {"declared":true,"installed":true,"version":"10.1.0","resolution":"/Users/smorris/Desktop/CSCI320/term-project-mhe36-msalomo2-nyarnall-sboppana-smorri21-tdesimo1/functions/node_modules/firebase-admin/lib/index.js"}
[debug] [2022-05-03T19:05:13.119Z] DEBUG: [runtime-status] [70851] Resolved module firebase-functions {"declared":true,"installed":true,"version":"3.20.1","resolution":"/Users/smorris/Desktop/CSCI320/term-project-mhe36-msalomo2-nyarnall-sboppana-smorri21-tdesimo1/functions/node_modules/firebase-functions/lib/index.js"}
[debug] [2022-05-03T19:05:13.119Z] DEBUG: [runtime-status] [70851] Outgoing network have been stubbed. [{"name":"http","status":"mocked"},{"name":"http","status":"mocked"},{"name":"https","status":"mocked"},{"name":"https","status":"mocked"},{"name":"net","status":"mocked"}]
[debug] [2022-05-03T19:05:13.120Z] DEBUG: [runtime-status] [70851] Resolved module firebase-functions {"declared":true,"installed":true,"version":"3.20.1","resolution":"/Users/smorris/Desktop/CSCI320/term-project-mhe36-msalomo2-nyarnall-sboppana-smorri21-tdesimo1/functions/node_modules/firebase-functions/lib/index.js"}
[debug] [2022-05-03T19:05:13.145Z] DEBUG: [runtime-status] [70851] Checked functions.config() {"config":{}}
[debug] [2022-05-03T19:05:13.145Z] DEBUG: [runtime-status] [70851] firebase-functions has been stubbed. {"functionsResolution":{"declared":true,"installed":true,"version":"3.20.1","resolution":"/Users/smorris/Desktop/CSCI320/term-project-mhe36-msalomo2-nyarnall-sboppana-smorri21-tdesimo1/functions/node_modules/firebase-functions/lib/index.js"}}
[debug] [2022-05-03T19:05:13.145Z] DEBUG: [runtime-status] [70851] Resolved module firebase-functions {"declared":true,"installed":true,"version":"3.20.1","resolution":"/Users/smorris/Desktop/CSCI320/term-project-mhe36-msalomo2-nyarnall-sboppana-smorri21-tdesimo1/functions/node_modules/firebase-functions/lib/index.js"}
[debug] [2022-05-03T19:05:13.146Z] DEBUG: [runtime-status] [70851] Resolved module firebase-admin {"declared":true,"installed":true,"version":"10.1.0","resolution":"/Users/smorris/Desktop/CSCI320/term-project-mhe36-msalomo2-nyarnall-sboppana-smorri21-tdesimo1/functions/node_modules/firebase-admin/lib/index.js"}
[debug] [2022-05-03T19:05:13.146Z] DEBUG: [runtime-status] [70851] Resolved module firebase-functions {"declared":true,"installed":true,"version":"3.20.1","resolution":"/Users/smorris/Desktop/CSCI320/term-project-mhe36-msalomo2-nyarnall-sboppana-smorri21-tdesimo1/functions/node_modules/firebase-functions/lib/index.js"}
[debug] [2022-05-03T19:05:13.146Z] DEBUG: [runtime-status] [70851] firebase-admin has been stubbed. {"adminResolution":{"declared":true,"installed":true,"version":"10.1.0","resolution":"/Users/smorris/Desktop/CSCI320/term-project-mhe36-msalomo2-nyarnall-sboppana-smorri21-tdesimo1/functions/node_modules/firebase-admin/lib/index.js"}}
[debug] [2022-05-03T19:05:13.147Z] DEBUG: [runtime-status] [70851] initializeApp(DEFAULT) {"storageBucket":"time-tracker-669e3.appspot.com","projectId":"time-tracker-669e3"}
[debug] [2022-05-03T19:05:13.147Z] DEBUG: [runtime-status] [70851] Beginning invocation function updateWeeklyAvgs!
[debug] [2022-05-03T19:05:13.147Z] [functions] Beginning execution of "updateWeeklyAvgs"
[debug] [2022-05-03T19:05:13.147Z] DEBUG: [runtime-status] [70851] Running updateWeeklyAvgs in signature event
[debug] [2022-05-03T19:05:13.147Z] DEBUG: [runtime-status] [70851] ProcessBackground {"eventId":"4d2661ae-c152-4bac-83ae-1f2b1d7fda31","timestamp":"2022-05-03T19:05:12.775Z","eventType":"pubsub","data":{}}
[debug] [2022-05-03T19:05:13.147Z] DEBUG: [runtime-status] [70851] RunBackground {"data":{},"context":{"eventId":"4d2661ae-c152-4bac-83ae-1f2b1d7fda31","timestamp":"2022-05-03T19:05:12.775Z","eventType":"pubsub"}}
[debug] [2022-05-03T19:05:13.342Z] DEBUG: [runtime-status] [70851] Ephemeral server survived.
[debug] [2022-05-03T19:05:13.342Z] [functions] Finished "updateWeeklyAvgs" in ~1s
[debug] [2022-05-03T19:05:13.343Z] DEBUG: [worker-us-central1-updateWeeklyAvgs-14529bf2-dfe8-4510-b585-b5168c0369db]: IDLE
[debug] [2022-05-03T19:09:22.520Z] DEBUG: File /Users/smorris/Desktop/CSCI320/term-project-mhe36-msalomo2-nyarnall-sboppana-smorri21-tdesimo1/functions/src/index.ts changed, reloading triggers
[debug] [2022-05-03T19:09:22.520Z] DEBUG: File /Users/smorris/Desktop/CSCI320/term-project-mhe36-msalomo2-nyarnall-sboppana-smorri21-tdesimo1/functions/lib/index.js.map changed, reloading triggers
[debug] [2022-05-03T19:09:22.520Z] DEBUG: File /Users/smorris/Desktop/CSCI320/term-project-mhe36-msalomo2-nyarnall-sboppana-smorri21-tdesimo1/functions/lib/index.js changed, reloading triggers
[debug] [2022-05-03T19:09:23.522Z] DEBUG: [worker-pool] Shutting down IDLE worker (us-central1-updateWeeklyAvgs)
[debug] [2022-05-03T19:09:23.522Z] DEBUG: [worker-us-central1-updateWeeklyAvgs-14529bf2-dfe8-4510-b585-b5168c0369db]: FINISHING
[debug] [2022-05-03T19:09:23.523Z] Validating nodejs source
[debug] [2022-05-03T19:09:24.165Z] > [functions] package.json contents: {
  "name": "functions",
  "scripts": {
    "lint": "eslint --ext .js,.ts .",
    "build": "tsc",
    "serve": "npm run build && firebase emulators:start --only functions",
    "shell": "npm run build && firebase functions:shell",
    "start": "npm run shell",
    "deploy": "firebase deploy --only functions",
    "logs": "firebase functions:log"
  },
  "engines": {
    "node": "16"
  },
  "main": "lib/index.js",
  "dependencies": {
    "firebase-admin": "^10.0.2",
    "firebase-functions": "^3.18.0"
  },
  "devDependencies": {
    "@typescript-eslint/eslint-plugin": "^5.12.0",
    "@typescript-eslint/parser": "^5.12.0",
    "eslint": "^8.9.0",
    "eslint-config-google": "^0.14.0",
    "eslint-plugin-import": "^2.25.4",
    "firebase-functions-test": "^0.2.0",
    "typescript": "^4.5.4"
  },
  "private": true
}
[debug] [2022-05-03T19:09:24.165Z] Building nodejs source
[debug] [2022-05-03T19:09:24.166Z] Analyzing nodejs backend spec
[debug] [2022-05-03T19:09:24.169Z] DEBUG: [worker-us-central1-updateWeeklyAvgs-14529bf2-dfe8-4510-b585-b5168c0369db]: exited
[debug] [2022-05-03T19:09:24.170Z] DEBUG: [worker-us-central1-updateWeeklyAvgs-14529bf2-dfe8-4510-b585-b5168c0369db]: FINISHED
[debug] [2022-05-03T19:10:33.434Z] DEBUG: File /Users/smorris/Desktop/CSCI320/term-project-mhe36-msalomo2-nyarnall-sboppana-smorri21-tdesimo1/functions/src/index.ts changed, reloading triggers
[debug] [2022-05-03T19:10:34.435Z] Validating nodejs source
[debug] [2022-05-03T19:10:35.071Z] > [functions] package.json contents: {
  "name": "functions",
  "scripts": {
    "lint": "eslint --ext .js,.ts .",
    "build": "tsc",
    "serve": "npm run build && firebase emulators:start --only functions",
    "shell": "npm run build && firebase functions:shell",
    "start": "npm run shell",
    "deploy": "firebase deploy --only functions",
    "logs": "firebase functions:log"
  },
  "engines": {
    "node": "16"
  },
  "main": "lib/index.js",
  "dependencies": {
    "firebase-admin": "^10.0.2",
    "firebase-functions": "^3.18.0"
  },
  "devDependencies": {
    "@typescript-eslint/eslint-plugin": "^5.12.0",
    "@typescript-eslint/parser": "^5.12.0",
    "eslint": "^8.9.0",
    "eslint-config-google": "^0.14.0",
    "eslint-plugin-import": "^2.25.4",
    "firebase-functions-test": "^0.2.0",
    "typescript": "^4.5.4"
  },
  "private": true
}
[debug] [2022-05-03T19:10:35.071Z] Building nodejs source
[debug] [2022-05-03T19:10:35.072Z] Analyzing nodejs backend spec
[debug] [2022-05-03T19:14:16.755Z] DEBUG: File /Users/smorris/Desktop/CSCI320/term-project-mhe36-msalomo2-nyarnall-sboppana-smorri21-tdesimo1/functions/src/index.ts changed, reloading triggers
[debug] [2022-05-03T19:14:16.755Z] DEBUG: File /Users/smorris/Desktop/CSCI320/term-project-mhe36-msalomo2-nyarnall-sboppana-smorri21-tdesimo1/functions/lib/index.js.map changed, reloading triggers
[debug] [2022-05-03T19:14:16.756Z] DEBUG: File /Users/smorris/Desktop/CSCI320/term-project-mhe36-msalomo2-nyarnall-sboppana-smorri21-tdesimo1/functions/lib/index.js changed, reloading triggers
[debug] [2022-05-03T19:14:17.757Z] Validating nodejs source
[debug] [2022-05-03T19:14:18.853Z] > [functions] package.json contents: {
  "name": "functions",
  "scripts": {
    "lint": "eslint --ext .js,.ts .",
    "build": "tsc",
    "serve": "npm run build && firebase emulators:start --only functions",
    "shell": "npm run build && firebase functions:shell",
    "start": "npm run shell",
    "deploy": "firebase deploy --only functions",
    "logs": "firebase functions:log"
  },
  "engines": {
    "node": "16"
  },
  "main": "lib/index.js",
  "dependencies": {
    "firebase-admin": "^10.0.2",
    "firebase-functions": "^3.18.0"
  },
  "devDependencies": {
    "@typescript-eslint/eslint-plugin": "^5.12.0",
    "@typescript-eslint/parser": "^5.12.0",
    "eslint": "^8.9.0",
    "eslint-config-google": "^0.14.0",
    "eslint-plugin-import": "^2.25.4",
    "firebase-functions-test": "^0.2.0",
    "typescript": "^4.5.4"
  },
  "private": true
}
[debug] [2022-05-03T19:14:18.853Z] Building nodejs source
[debug] [2022-05-03T19:14:18.853Z] Analyzing nodejs backend spec
[debug] [2022-05-03T19:14:21.378Z] DEBUG: File /Users/smorris/Desktop/CSCI320/term-project-mhe36-msalomo2-nyarnall-sboppana-smorri21-tdesimo1/functions/src/index.ts changed, reloading triggers
[debug] [2022-05-03T19:14:21.759Z] DEBUG: File /Users/smorris/Desktop/CSCI320/term-project-mhe36-msalomo2-nyarnall-sboppana-smorri21-tdesimo1/functions/lib/index.js.map changed, reloading triggers
[debug] [2022-05-03T19:14:21.759Z] DEBUG: File /Users/smorris/Desktop/CSCI320/term-project-mhe36-msalomo2-nyarnall-sboppana-smorri21-tdesimo1/functions/lib/index.js changed, reloading triggers
[debug] [2022-05-03T19:14:22.763Z] Validating nodejs source
[debug] [2022-05-03T19:14:23.456Z] > [functions] package.json contents: {
  "name": "functions",
  "scripts": {
    "lint": "eslint --ext .js,.ts .",
    "build": "tsc",
    "serve": "npm run build && firebase emulators:start --only functions",
    "shell": "npm run build && firebase functions:shell",
    "start": "npm run shell",
    "deploy": "firebase deploy --only functions",
    "logs": "firebase functions:log"
  },
  "engines": {
    "node": "16"
  },
  "main": "lib/index.js",
  "dependencies": {
    "firebase-admin": "^10.0.2",
    "firebase-functions": "^3.18.0"
  },
  "devDependencies": {
    "@typescript-eslint/eslint-plugin": "^5.12.0",
    "@typescript-eslint/parser": "^5.12.0",
    "eslint": "^8.9.0",
    "eslint-config-google": "^0.14.0",
    "eslint-plugin-import": "^2.25.4",
    "firebase-functions-test": "^0.2.0",
    "typescript": "^4.5.4"
  },
  "private": true
}
[debug] [2022-05-03T19:14:23.457Z] Building nodejs source
[debug] [2022-05-03T19:14:23.457Z] Analyzing nodejs backend spec
[debug] [2022-05-03T19:14:28.104Z] DEBUG: File /Users/smorris/Desktop/CSCI320/term-project-mhe36-msalomo2-nyarnall-sboppana-smorri21-tdesimo1/functions/src/index.ts changed, reloading triggers
[debug] [2022-05-03T19:14:28.515Z] DEBUG: File /Users/smorris/Desktop/CSCI320/term-project-mhe36-msalomo2-nyarnall-sboppana-smorri21-tdesimo1/functions/lib/index.js.map changed, reloading triggers
[debug] [2022-05-03T19:14:28.515Z] DEBUG: File /Users/smorris/Desktop/CSCI320/term-project-mhe36-msalomo2-nyarnall-sboppana-smorri21-tdesimo1/functions/lib/index.js changed, reloading triggers
[debug] [2022-05-03T19:14:29.517Z] Validating nodejs source
[debug] [2022-05-03T19:14:30.174Z] > [functions] package.json contents: {
  "name": "functions",
  "scripts": {
    "lint": "eslint --ext .js,.ts .",
    "build": "tsc",
    "serve": "npm run build && firebase emulators:start --only functions",
    "shell": "npm run build && firebase functions:shell",
    "start": "npm run shell",
    "deploy": "firebase deploy --only functions",
    "logs": "firebase functions:log"
  },
  "engines": {
    "node": "16"
  },
  "main": "lib/index.js",
  "dependencies": {
    "firebase-admin": "^10.0.2",
    "firebase-functions": "^3.18.0"
  },
  "devDependencies": {
    "@typescript-eslint/eslint-plugin": "^5.12.0",
    "@typescript-eslint/parser": "^5.12.0",
    "eslint": "^8.9.0",
    "eslint-config-google": "^0.14.0",
    "eslint-plugin-import": "^2.25.4",
    "firebase-functions-test": "^0.2.0",
    "typescript": "^4.5.4"
  },
  "private": true
}
[debug] [2022-05-03T19:14:30.175Z] Building nodejs source
[debug] [2022-05-03T19:14:30.175Z] Analyzing nodejs backend spec
[debug] [2022-05-03T19:14:34.726Z] shell:updateMonthlyAvgs: trigger={"entryPoint":"updateMonthlyAvgs","platform":"gcfv1","region":"us-central1","name":"updateMonthlyAvgs","id":"us-central1-updateMonthlyAvgs","codebase":"default","labels":{"deployment-scheduled":"true"},"eventTrigger":{"eventType":"pubsub","resource":""},"schedule":{"schedule":"0 0 1 * *","timeZone":"America/New_York"}}
[debug] [2022-05-03T19:14:34.726Z] shell:updateMonthlyAvgs: opts={}, data={}
[debug] [2022-05-03T19:14:34.727Z] DEBUG: [worker-pool] Cleaned up workers for us-central1-updateWeeklyAvgs: 1 --> 0
[debug] [2022-05-03T19:14:34.741Z] DEBUG: [worker-pool] addWorker(us-central1-updateMonthlyAvgs)
[debug] [2022-05-03T19:14:34.742Z] DEBUG: [worker-pool] Adding worker with key us-central1-updateMonthlyAvgs, total=1
[debug] [2022-05-03T19:14:34.742Z] DEBUG: [worker-pool] submitWork(triggerId=us-central1-updateMonthlyAvgs)
[debug] [2022-05-03T19:14:34.742Z] DEBUG: [worker-us-central1-updateMonthlyAvgs-e1810340-22da-4a3b-88f3-a04e384e5a66]: Assigning socketPath: /var/folders/x7/h7kcw3vn4ws5jkwjhf8wt06h0000gn/T/fire_emu_71055.sock
[debug] [2022-05-03T19:14:34.742Z] DEBUG: [worker-us-central1-updateMonthlyAvgs-e1810340-22da-4a3b-88f3-a04e384e5a66]: BUSY
[debug] [2022-05-03T19:14:35.073Z] DEBUG: [runtime-status] [71055] Functions runtime initialized. {"cwd":"/Users/smorris/Desktop/CSCI320/term-project-mhe36-msalomo2-nyarnall-sboppana-smorri21-tdesimo1/functions","node_version":"16.14.2"}
[debug] [2022-05-03T19:14:35.074Z] DEBUG: [runtime-status] [71055] Disabled runtime features: undefined
[debug] [2022-05-03T19:14:35.075Z] DEBUG: [runtime-status] [71055] Resolved module firebase-admin {"declared":true,"installed":true,"version":"10.1.0","resolution":"/Users/smorris/Desktop/CSCI320/term-project-mhe36-msalomo2-nyarnall-sboppana-smorri21-tdesimo1/functions/node_modules/firebase-admin/lib/index.js"}
[debug] [2022-05-03T19:14:35.076Z] DEBUG: [runtime-status] [71055] Resolved module firebase-functions {"declared":true,"installed":true,"version":"3.20.1","resolution":"/Users/smorris/Desktop/CSCI320/term-project-mhe36-msalomo2-nyarnall-sboppana-smorri21-tdesimo1/functions/node_modules/firebase-functions/lib/index.js"}
[debug] [2022-05-03T19:14:35.076Z] DEBUG: [runtime-status] [71055] Outgoing network have been stubbed. [{"name":"http","status":"mocked"},{"name":"http","status":"mocked"},{"name":"https","status":"mocked"},{"name":"https","status":"mocked"},{"name":"net","status":"mocked"}]
[debug] [2022-05-03T19:14:35.076Z] DEBUG: [runtime-status] [71055] Resolved module firebase-functions {"declared":true,"installed":true,"version":"3.20.1","resolution":"/Users/smorris/Desktop/CSCI320/term-project-mhe36-msalomo2-nyarnall-sboppana-smorri21-tdesimo1/functions/node_modules/firebase-functions/lib/index.js"}
[debug] [2022-05-03T19:14:35.102Z] DEBUG: [runtime-status] [71055] Checked functions.config() {"config":{}}
[debug] [2022-05-03T19:14:35.102Z] DEBUG: [runtime-status] [71055] firebase-functions has been stubbed. {"functionsResolution":{"declared":true,"installed":true,"version":"3.20.1","resolution":"/Users/smorris/Desktop/CSCI320/term-project-mhe36-msalomo2-nyarnall-sboppana-smorri21-tdesimo1/functions/node_modules/firebase-functions/lib/index.js"}}
[debug] [2022-05-03T19:14:35.102Z] DEBUG: [runtime-status] [71055] Resolved module firebase-functions {"declared":true,"installed":true,"version":"3.20.1","resolution":"/Users/smorris/Desktop/CSCI320/term-project-mhe36-msalomo2-nyarnall-sboppana-smorri21-tdesimo1/functions/node_modules/firebase-functions/lib/index.js"}
[debug] [2022-05-03T19:14:35.102Z] DEBUG: [runtime-status] [71055] Resolved module firebase-admin {"declared":true,"installed":true,"version":"10.1.0","resolution":"/Users/smorris/Desktop/CSCI320/term-project-mhe36-msalomo2-nyarnall-sboppana-smorri21-tdesimo1/functions/node_modules/firebase-admin/lib/index.js"}
[debug] [2022-05-03T19:14:35.102Z] DEBUG: [runtime-status] [71055] Resolved module firebase-functions {"declared":true,"installed":true,"version":"3.20.1","resolution":"/Users/smorris/Desktop/CSCI320/term-project-mhe36-msalomo2-nyarnall-sboppana-smorri21-tdesimo1/functions/node_modules/firebase-functions/lib/index.js"}
[debug] [2022-05-03T19:14:35.103Z] DEBUG: [runtime-status] [71055] firebase-admin has been stubbed. {"adminResolution":{"declared":true,"installed":true,"version":"10.1.0","resolution":"/Users/smorris/Desktop/CSCI320/term-project-mhe36-msalomo2-nyarnall-sboppana-smorri21-tdesimo1/functions/node_modules/firebase-admin/lib/index.js"}}
[debug] [2022-05-03T19:14:35.103Z] DEBUG: [runtime-status] [71055] initializeApp(DEFAULT) {"storageBucket":"time-tracker-669e3.appspot.com","projectId":"time-tracker-669e3"}
[debug] [2022-05-03T19:14:35.103Z] DEBUG: [runtime-status] [71055] Beginning invocation function updateMonthlyAvgs!
[debug] [2022-05-03T19:14:35.104Z] [functions] Beginning execution of "updateMonthlyAvgs"
[debug] [2022-05-03T19:14:35.104Z] DEBUG: [runtime-status] [71055] Running updateMonthlyAvgs in signature event
[debug] [2022-05-03T19:14:35.104Z] DEBUG: [runtime-status] [71055] ProcessBackground {"eventId":"997be4f0-86a4-428d-b9e2-3a1183ff4761","timestamp":"2022-05-03T19:14:34.727Z","eventType":"pubsub","data":{}}
[debug] [2022-05-03T19:14:35.104Z] DEBUG: [runtime-status] [71055] RunBackground {"data":{},"context":{"eventId":"997be4f0-86a4-428d-b9e2-3a1183ff4761","timestamp":"2022-05-03T19:14:34.727Z","eventType":"pubsub"}}
[info] >  Sun Apr 03 2022 {"user":"Sun Apr 03 2022","metadata":{"emulator":{"name":"functions"},"function":{"name":"us-central1-updateMonthlyAvgs"},"extension":{},"message":"\u001b[90m> \u001b[39m Sun Apr 03 2022"}}
[debug] [2022-05-03T19:14:35.219Z] DEBUG: [runtime-status] [71055] Ephemeral server survived.
[debug] [2022-05-03T19:14:35.219Z] [functions] Finished "updateMonthlyAvgs" in ~1s
[debug] [2022-05-03T19:14:35.219Z] DEBUG: [worker-us-central1-updateMonthlyAvgs-e1810340-22da-4a3b-88f3-a04e384e5a66]: IDLE
[debug] [2022-05-03T19:15:14.791Z] DEBUG: File /Users/smorris/Desktop/CSCI320/term-project-mhe36-msalomo2-nyarnall-sboppana-smorri21-tdesimo1/functions/src/index.ts changed, reloading triggers
[debug] [2022-05-03T19:15:14.945Z] DEBUG: File /Users/smorris/Desktop/CSCI320/term-project-mhe36-msalomo2-nyarnall-sboppana-smorri21-tdesimo1/functions/lib/index.js.map changed, reloading triggers
[debug] [2022-05-03T19:15:14.946Z] DEBUG: File /Users/smorris/Desktop/CSCI320/term-project-mhe36-msalomo2-nyarnall-sboppana-smorri21-tdesimo1/functions/lib/index.js changed, reloading triggers
[debug] [2022-05-03T19:15:15.948Z] DEBUG: [worker-pool] Shutting down IDLE worker (us-central1-updateMonthlyAvgs)
[debug] [2022-05-03T19:15:15.948Z] DEBUG: [worker-us-central1-updateMonthlyAvgs-e1810340-22da-4a3b-88f3-a04e384e5a66]: FINISHING
[debug] [2022-05-03T19:15:15.948Z] Validating nodejs source
[debug] [2022-05-03T19:15:16.638Z] > [functions] package.json contents: {
  "name": "functions",
  "scripts": {
    "lint": "eslint --ext .js,.ts .",
    "build": "tsc",
    "serve": "npm run build && firebase emulators:start --only functions",
    "shell": "npm run build && firebase functions:shell",
    "start": "npm run shell",
    "deploy": "firebase deploy --only functions",
    "logs": "firebase functions:log"
  },
  "engines": {
    "node": "16"
  },
  "main": "lib/index.js",
  "dependencies": {
    "firebase-admin": "^10.0.2",
    "firebase-functions": "^3.18.0"
  },
  "devDependencies": {
    "@typescript-eslint/eslint-plugin": "^5.12.0",
    "@typescript-eslint/parser": "^5.12.0",
    "eslint": "^8.9.0",
    "eslint-config-google": "^0.14.0",
    "eslint-plugin-import": "^2.25.4",
    "firebase-functions-test": "^0.2.0",
    "typescript": "^4.5.4"
  },
  "private": true
}
[debug] [2022-05-03T19:15:16.639Z] Building nodejs source
[debug] [2022-05-03T19:15:16.639Z] Analyzing nodejs backend spec
[debug] [2022-05-03T19:15:16.643Z] DEBUG: [worker-us-central1-updateMonthlyAvgs-e1810340-22da-4a3b-88f3-a04e384e5a66]: exited
[debug] [2022-05-03T19:15:16.644Z] DEBUG: [worker-us-central1-updateMonthlyAvgs-e1810340-22da-4a3b-88f3-a04e384e5a66]: FINISHED
[debug] [2022-05-03T19:15:17.502Z] shell:updateMonthlyAvgs: trigger={"entryPoint":"updateMonthlyAvgs","platform":"gcfv1","region":"us-central1","name":"updateMonthlyAvgs","id":"us-central1-updateMonthlyAvgs","codebase":"default","labels":{"deployment-scheduled":"true"},"eventTrigger":{"eventType":"pubsub","resource":""},"schedule":{"schedule":"0 0 1 * *","timeZone":"America/New_York"}}
[debug] [2022-05-03T19:15:17.502Z] shell:updateMonthlyAvgs: opts={}, data={}
[debug] [2022-05-03T19:15:17.503Z] DEBUG: [worker-pool] Cleaned up workers for us-central1-updateMonthlyAvgs: 1 --> 0
[debug] [2022-05-03T19:15:17.514Z] DEBUG: [worker-pool] addWorker(us-central1-updateMonthlyAvgs)
[debug] [2022-05-03T19:15:17.515Z] DEBUG: [worker-pool] Adding worker with key us-central1-updateMonthlyAvgs, total=1
[debug] [2022-05-03T19:15:17.515Z] DEBUG: [worker-pool] submitWork(triggerId=us-central1-updateMonthlyAvgs)
[debug] [2022-05-03T19:15:17.515Z] DEBUG: [worker-us-central1-updateMonthlyAvgs-1567687a-3beb-4f84-a25b-0b394ecc977b]: Assigning socketPath: /var/folders/x7/h7kcw3vn4ws5jkwjhf8wt06h0000gn/T/fire_emu_71079.sock
[debug] [2022-05-03T19:15:17.516Z] DEBUG: [worker-us-central1-updateMonthlyAvgs-1567687a-3beb-4f84-a25b-0b394ecc977b]: BUSY
[debug] [2022-05-03T19:15:17.847Z] DEBUG: [runtime-status] [71079] Functions runtime initialized. {"cwd":"/Users/smorris/Desktop/CSCI320/term-project-mhe36-msalomo2-nyarnall-sboppana-smorri21-tdesimo1/functions","node_version":"16.14.2"}
[debug] [2022-05-03T19:15:17.848Z] DEBUG: [runtime-status] [71079] Disabled runtime features: undefined
[debug] [2022-05-03T19:15:17.849Z] DEBUG: [runtime-status] [71079] Resolved module firebase-admin {"declared":true,"installed":true,"version":"10.1.0","resolution":"/Users/smorris/Desktop/CSCI320/term-project-mhe36-msalomo2-nyarnall-sboppana-smorri21-tdesimo1/functions/node_modules/firebase-admin/lib/index.js"}
[debug] [2022-05-03T19:15:17.850Z] DEBUG: [runtime-status] [71079] Resolved module firebase-functions {"declared":true,"installed":true,"version":"3.20.1","resolution":"/Users/smorris/Desktop/CSCI320/term-project-mhe36-msalomo2-nyarnall-sboppana-smorri21-tdesimo1/functions/node_modules/firebase-functions/lib/index.js"}
[debug] [2022-05-03T19:15:17.850Z] DEBUG: [runtime-status] [71079] Outgoing network have been stubbed. [{"name":"http","status":"mocked"},{"name":"http","status":"mocked"},{"name":"https","status":"mocked"},{"name":"https","status":"mocked"},{"name":"net","status":"mocked"}]
[debug] [2022-05-03T19:15:17.850Z] DEBUG: [runtime-status] [71079] Resolved module firebase-functions {"declared":true,"installed":true,"version":"3.20.1","resolution":"/Users/smorris/Desktop/CSCI320/term-project-mhe36-msalomo2-nyarnall-sboppana-smorri21-tdesimo1/functions/node_modules/firebase-functions/lib/index.js"}
[debug] [2022-05-03T19:15:17.875Z] DEBUG: [runtime-status] [71079] Checked functions.config() {"config":{}}
[debug] [2022-05-03T19:15:17.875Z] DEBUG: [runtime-status] [71079] firebase-functions has been stubbed. {"functionsResolution":{"declared":true,"installed":true,"version":"3.20.1","resolution":"/Users/smorris/Desktop/CSCI320/term-project-mhe36-msalomo2-nyarnall-sboppana-smorri21-tdesimo1/functions/node_modules/firebase-functions/lib/index.js"}}
[debug] [2022-05-03T19:15:17.875Z] DEBUG: [runtime-status] [71079] Resolved module firebase-functions {"declared":true,"installed":true,"version":"3.20.1","resolution":"/Users/smorris/Desktop/CSCI320/term-project-mhe36-msalomo2-nyarnall-sboppana-smorri21-tdesimo1/functions/node_modules/firebase-functions/lib/index.js"}
[debug] [2022-05-03T19:15:17.876Z] DEBUG: [runtime-status] [71079] Resolved module firebase-admin {"declared":true,"installed":true,"version":"10.1.0","resolution":"/Users/smorris/Desktop/CSCI320/term-project-mhe36-msalomo2-nyarnall-sboppana-smorri21-tdesimo1/functions/node_modules/firebase-admin/lib/index.js"}
[debug] [2022-05-03T19:15:17.876Z] DEBUG: [runtime-status] [71079] Resolved module firebase-functions {"declared":true,"installed":true,"version":"3.20.1","resolution":"/Users/smorris/Desktop/CSCI320/term-project-mhe36-msalomo2-nyarnall-sboppana-smorri21-tdesimo1/functions/node_modules/firebase-functions/lib/index.js"}
[debug] [2022-05-03T19:15:17.876Z] DEBUG: [runtime-status] [71079] firebase-admin has been stubbed. {"adminResolution":{"declared":true,"installed":true,"version":"10.1.0","resolution":"/Users/smorris/Desktop/CSCI320/term-project-mhe36-msalomo2-nyarnall-sboppana-smorri21-tdesimo1/functions/node_modules/firebase-admin/lib/index.js"}}
[debug] [2022-05-03T19:15:17.877Z] DEBUG: [runtime-status] [71079] initializeApp(DEFAULT) {"storageBucket":"time-tracker-669e3.appspot.com","projectId":"time-tracker-669e3"}
[debug] [2022-05-03T19:15:17.877Z] DEBUG: [runtime-status] [71079] Beginning invocation function updateMonthlyAvgs!
[debug] [2022-05-03T19:15:17.877Z] [functions] Beginning execution of "updateMonthlyAvgs"
[debug] [2022-05-03T19:15:17.877Z] DEBUG: [runtime-status] [71079] Running updateMonthlyAvgs in signature event
[debug] [2022-05-03T19:15:17.878Z] DEBUG: [runtime-status] [71079] ProcessBackground {"eventId":"eea2edef-2121-4c80-893b-71b10ad7baab","timestamp":"2022-05-03T19:15:17.502Z","eventType":"pubsub","data":{}}
[debug] [2022-05-03T19:15:17.878Z] DEBUG: [runtime-status] [71079] RunBackground {"data":{},"context":{"eventId":"eea2edef-2121-4c80-893b-71b10ad7baab","timestamp":"2022-05-03T19:15:17.502Z","eventType":"pubsub"}}
[info] >  April {"user":"April","metadata":{"emulator":{"name":"functions"},"function":{"name":"us-central1-updateMonthlyAvgs"},"extension":{},"message":"\u001b[90m> \u001b[39m April"}}
[debug] [2022-05-03T19:15:18.001Z] DEBUG: [runtime-status] [71079] Ephemeral server survived.
[debug] [2022-05-03T19:15:18.001Z] [functions] Finished "updateMonthlyAvgs" in ~1s
[debug] [2022-05-03T19:15:18.001Z] DEBUG: [worker-us-central1-updateMonthlyAvgs-1567687a-3beb-4f84-a25b-0b394ecc977b]: IDLE
[debug] [2022-05-03T19:15:46.346Z] DEBUG: File /Users/smorris/Desktop/CSCI320/term-project-mhe36-msalomo2-nyarnall-sboppana-smorri21-tdesimo1/functions/src/index.ts changed, reloading triggers
[debug] [2022-05-03T19:15:46.660Z] DEBUG: File /Users/smorris/Desktop/CSCI320/term-project-mhe36-msalomo2-nyarnall-sboppana-smorri21-tdesimo1/functions/lib/index.js.map changed, reloading triggers
[debug] [2022-05-03T19:15:46.660Z] DEBUG: File /Users/smorris/Desktop/CSCI320/term-project-mhe36-msalomo2-nyarnall-sboppana-smorri21-tdesimo1/functions/lib/index.js changed, reloading triggers
[debug] [2022-05-03T19:15:47.660Z] DEBUG: [worker-pool] Shutting down IDLE worker (us-central1-updateMonthlyAvgs)
[debug] [2022-05-03T19:15:47.660Z] DEBUG: [worker-us-central1-updateMonthlyAvgs-1567687a-3beb-4f84-a25b-0b394ecc977b]: FINISHING
[debug] [2022-05-03T19:15:47.661Z] Validating nodejs source
[debug] [2022-05-03T19:15:48.362Z] > [functions] package.json contents: {
  "name": "functions",
  "scripts": {
    "lint": "eslint --ext .js,.ts .",
    "build": "tsc",
    "serve": "npm run build && firebase emulators:start --only functions",
    "shell": "npm run build && firebase functions:shell",
    "start": "npm run shell",
    "deploy": "firebase deploy --only functions",
    "logs": "firebase functions:log"
  },
  "engines": {
    "node": "16"
  },
  "main": "lib/index.js",
  "dependencies": {
    "firebase-admin": "^10.0.2",
    "firebase-functions": "^3.18.0"
  },
  "devDependencies": {
    "@typescript-eslint/eslint-plugin": "^5.12.0",
    "@typescript-eslint/parser": "^5.12.0",
    "eslint": "^8.9.0",
    "eslint-config-google": "^0.14.0",
    "eslint-plugin-import": "^2.25.4",
    "firebase-functions-test": "^0.2.0",
    "typescript": "^4.5.4"
  },
  "private": true
}
[debug] [2022-05-03T19:15:48.363Z] Building nodejs source
[debug] [2022-05-03T19:15:48.363Z] Analyzing nodejs backend spec
[debug] [2022-05-03T19:15:48.367Z] DEBUG: [worker-us-central1-updateMonthlyAvgs-1567687a-3beb-4f84-a25b-0b394ecc977b]: exited
[debug] [2022-05-03T19:15:48.367Z] DEBUG: [worker-us-central1-updateMonthlyAvgs-1567687a-3beb-4f84-a25b-0b394ecc977b]: FINISHED
[debug] [2022-05-03T19:17:14.086Z] DEBUG: File /Users/smorris/Desktop/CSCI320/term-project-mhe36-msalomo2-nyarnall-sboppana-smorri21-tdesimo1/functions/src/index.ts changed, reloading triggers
[debug] [2022-05-03T19:17:14.186Z] DEBUG: File /Users/smorris/Desktop/CSCI320/term-project-mhe36-msalomo2-nyarnall-sboppana-smorri21-tdesimo1/functions/lib/index.js.map changed, reloading triggers
[debug] [2022-05-03T19:17:14.186Z] DEBUG: File /Users/smorris/Desktop/CSCI320/term-project-mhe36-msalomo2-nyarnall-sboppana-smorri21-tdesimo1/functions/lib/index.js changed, reloading triggers
[debug] [2022-05-03T19:17:15.187Z] Validating nodejs source
[debug] [2022-05-03T19:17:15.809Z] > [functions] package.json contents: {
  "name": "functions",
  "scripts": {
    "lint": "eslint --ext .js,.ts .",
    "build": "tsc",
    "serve": "npm run build && firebase emulators:start --only functions",
    "shell": "npm run build && firebase functions:shell",
    "start": "npm run shell",
    "deploy": "firebase deploy --only functions",
    "logs": "firebase functions:log"
  },
  "engines": {
    "node": "16"
  },
  "main": "lib/index.js",
  "dependencies": {
    "firebase-admin": "^10.0.2",
    "firebase-functions": "^3.18.0"
  },
  "devDependencies": {
    "@typescript-eslint/eslint-plugin": "^5.12.0",
    "@typescript-eslint/parser": "^5.12.0",
    "eslint": "^8.9.0",
    "eslint-config-google": "^0.14.0",
    "eslint-plugin-import": "^2.25.4",
    "firebase-functions-test": "^0.2.0",
    "typescript": "^4.5.4"
  },
  "private": true
}
[debug] [2022-05-03T19:17:15.809Z] Building nodejs source
[debug] [2022-05-03T19:17:15.809Z] Analyzing nodejs backend spec
[debug] [2022-05-03T19:17:45.663Z] DEBUG: File /Users/smorris/Desktop/CSCI320/term-project-mhe36-msalomo2-nyarnall-sboppana-smorri21-tdesimo1/functions/src/index.ts changed, reloading triggers
[debug] [2022-05-03T19:17:46.015Z] DEBUG: File /Users/smorris/Desktop/CSCI320/term-project-mhe36-msalomo2-nyarnall-sboppana-smorri21-tdesimo1/functions/lib/index.js.map changed, reloading triggers
[debug] [2022-05-03T19:17:46.015Z] DEBUG: File /Users/smorris/Desktop/CSCI320/term-project-mhe36-msalomo2-nyarnall-sboppana-smorri21-tdesimo1/functions/lib/index.js changed, reloading triggers
[debug] [2022-05-03T19:17:47.015Z] Validating nodejs source
[debug] [2022-05-03T19:17:47.656Z] > [functions] package.json contents: {
  "name": "functions",
  "scripts": {
    "lint": "eslint --ext .js,.ts .",
    "build": "tsc",
    "serve": "npm run build && firebase emulators:start --only functions",
    "shell": "npm run build && firebase functions:shell",
    "start": "npm run shell",
    "deploy": "firebase deploy --only functions",
    "logs": "firebase functions:log"
  },
  "engines": {
    "node": "16"
  },
  "main": "lib/index.js",
  "dependencies": {
    "firebase-admin": "^10.0.2",
    "firebase-functions": "^3.18.0"
  },
  "devDependencies": {
    "@typescript-eslint/eslint-plugin": "^5.12.0",
    "@typescript-eslint/parser": "^5.12.0",
    "eslint": "^8.9.0",
    "eslint-config-google": "^0.14.0",
    "eslint-plugin-import": "^2.25.4",
    "firebase-functions-test": "^0.2.0",
    "typescript": "^4.5.4"
  },
  "private": true
}
[debug] [2022-05-03T19:17:47.656Z] Building nodejs source
[debug] [2022-05-03T19:17:47.656Z] Analyzing nodejs backend spec
[debug] [2022-05-03T19:29:04.740Z] DEBUG: File /Users/smorris/Desktop/CSCI320/term-project-mhe36-msalomo2-nyarnall-sboppana-smorri21-tdesimo1/functions/src/index.ts changed, reloading triggers
[debug] [2022-05-03T19:29:05.742Z] Validating nodejs source
[debug] [2022-05-03T19:29:06.413Z] > [functions] package.json contents: {
  "name": "functions",
  "scripts": {
    "lint": "eslint --ext .js,.ts .",
    "build": "tsc",
    "serve": "npm run build && firebase emulators:start --only functions",
    "shell": "npm run build && firebase functions:shell",
    "start": "npm run shell",
    "deploy": "firebase deploy --only functions",
    "logs": "firebase functions:log"
  },
  "engines": {
    "node": "16"
  },
  "main": "lib/index.js",
  "dependencies": {
    "firebase-admin": "^10.0.2",
    "firebase-functions": "^3.18.0"
  },
  "devDependencies": {
    "@typescript-eslint/eslint-plugin": "^5.12.0",
    "@typescript-eslint/parser": "^5.12.0",
    "eslint": "^8.9.0",
    "eslint-config-google": "^0.14.0",
    "eslint-plugin-import": "^2.25.4",
    "firebase-functions-test": "^0.2.0",
    "typescript": "^4.5.4"
  },
  "private": true
}
[debug] [2022-05-03T19:29:06.413Z] Building nodejs source
[debug] [2022-05-03T19:29:06.413Z] Analyzing nodejs backend spec
[debug] [2022-05-03T19:31:31.394Z] DEBUG: File /Users/smorris/Desktop/CSCI320/term-project-mhe36-msalomo2-nyarnall-sboppana-smorri21-tdesimo1/functions/src/index.ts changed, reloading triggers
[debug] [2022-05-03T19:31:31.761Z] DEBUG: File /Users/smorris/Desktop/CSCI320/term-project-mhe36-msalomo2-nyarnall-sboppana-smorri21-tdesimo1/functions/lib/index.js.map changed, reloading triggers
[debug] [2022-05-03T19:31:31.761Z] DEBUG: File /Users/smorris/Desktop/CSCI320/term-project-mhe36-msalomo2-nyarnall-sboppana-smorri21-tdesimo1/functions/lib/index.js changed, reloading triggers
[debug] [2022-05-03T19:31:32.763Z] Validating nodejs source
[debug] [2022-05-03T19:31:33.366Z] > [functions] package.json contents: {
  "name": "functions",
  "scripts": {
    "lint": "eslint --ext .js,.ts .",
    "build": "tsc",
    "serve": "npm run build && firebase emulators:start --only functions",
    "shell": "npm run build && firebase functions:shell",
    "start": "npm run shell",
    "deploy": "firebase deploy --only functions",
    "logs": "firebase functions:log"
  },
  "engines": {
    "node": "16"
  },
  "main": "lib/index.js",
  "dependencies": {
    "firebase-admin": "^10.0.2",
    "firebase-functions": "^3.18.0"
  },
  "devDependencies": {
    "@typescript-eslint/eslint-plugin": "^5.12.0",
    "@typescript-eslint/parser": "^5.12.0",
    "eslint": "^8.9.0",
    "eslint-config-google": "^0.14.0",
    "eslint-plugin-import": "^2.25.4",
    "firebase-functions-test": "^0.2.0",
    "typescript": "^4.5.4"
  },
  "private": true
}
[debug] [2022-05-03T19:31:33.366Z] Building nodejs source
[debug] [2022-05-03T19:31:33.366Z] Analyzing nodejs backend spec
[debug] [2022-05-03T19:31:34.384Z] DEBUG: File /Users/smorris/Desktop/CSCI320/term-project-mhe36-msalomo2-nyarnall-sboppana-smorri21-tdesimo1/functions/src/index.ts changed, reloading triggers
[debug] [2022-05-03T19:31:34.485Z] DEBUG: File /Users/smorris/Desktop/CSCI320/term-project-mhe36-msalomo2-nyarnall-sboppana-smorri21-tdesimo1/functions/src/index.ts changed, reloading triggers
[debug] [2022-05-03T19:31:34.918Z] DEBUG: File /Users/smorris/Desktop/CSCI320/term-project-mhe36-msalomo2-nyarnall-sboppana-smorri21-tdesimo1/functions/lib/index.js.map changed, reloading triggers
[debug] [2022-05-03T19:31:34.918Z] DEBUG: File /Users/smorris/Desktop/CSCI320/term-project-mhe36-msalomo2-nyarnall-sboppana-smorri21-tdesimo1/functions/lib/index.js changed, reloading triggers
[debug] [2022-05-03T19:31:35.920Z] Validating nodejs source
[debug] [2022-05-03T19:31:36.502Z] > [functions] package.json contents: {
  "name": "functions",
  "scripts": {
    "lint": "eslint --ext .js,.ts .",
    "build": "tsc",
    "serve": "npm run build && firebase emulators:start --only functions",
    "shell": "npm run build && firebase functions:shell",
    "start": "npm run shell",
    "deploy": "firebase deploy --only functions",
    "logs": "firebase functions:log"
  },
  "engines": {
    "node": "16"
  },
  "main": "lib/index.js",
  "dependencies": {
    "firebase-admin": "^10.0.2",
    "firebase-functions": "^3.18.0"
  },
  "devDependencies": {
    "@typescript-eslint/eslint-plugin": "^5.12.0",
    "@typescript-eslint/parser": "^5.12.0",
    "eslint": "^8.9.0",
    "eslint-config-google": "^0.14.0",
    "eslint-plugin-import": "^2.25.4",
    "firebase-functions-test": "^0.2.0",
    "typescript": "^4.5.4"
  },
  "private": true
}
[debug] [2022-05-03T19:31:36.503Z] Building nodejs source
[debug] [2022-05-03T19:31:36.503Z] Analyzing nodejs backend spec
[debug] [2022-05-03T19:32:05.029Z] DEBUG: File /Users/smorris/Desktop/CSCI320/term-project-mhe36-msalomo2-nyarnall-sboppana-smorri21-tdesimo1/functions/src/index.ts changed, reloading triggers
[debug] [2022-05-03T19:32:05.380Z] DEBUG: File /Users/smorris/Desktop/CSCI320/term-project-mhe36-msalomo2-nyarnall-sboppana-smorri21-tdesimo1/functions/lib/index.js.map changed, reloading triggers
[debug] [2022-05-03T19:32:05.380Z] DEBUG: File /Users/smorris/Desktop/CSCI320/term-project-mhe36-msalomo2-nyarnall-sboppana-smorri21-tdesimo1/functions/lib/index.js changed, reloading triggers
[debug] [2022-05-03T19:32:06.381Z] Validating nodejs source
[debug] [2022-05-03T19:32:06.940Z] > [functions] package.json contents: {
  "name": "functions",
  "scripts": {
    "lint": "eslint --ext .js,.ts .",
    "build": "tsc",
    "serve": "npm run build && firebase emulators:start --only functions",
    "shell": "npm run build && firebase functions:shell",
    "start": "npm run shell",
    "deploy": "firebase deploy --only functions",
    "logs": "firebase functions:log"
  },
  "engines": {
    "node": "16"
  },
  "main": "lib/index.js",
  "dependencies": {
    "firebase-admin": "^10.0.2",
    "firebase-functions": "^3.18.0"
  },
  "devDependencies": {
    "@typescript-eslint/eslint-plugin": "^5.12.0",
    "@typescript-eslint/parser": "^5.12.0",
    "eslint": "^8.9.0",
    "eslint-config-google": "^0.14.0",
    "eslint-plugin-import": "^2.25.4",
    "firebase-functions-test": "^0.2.0",
    "typescript": "^4.5.4"
  },
  "private": true
}
[debug] [2022-05-03T19:32:06.941Z] Building nodejs source
[debug] [2022-05-03T19:32:06.941Z] Analyzing nodejs backend spec
[debug] [2022-05-03T19:32:15.241Z] DEBUG: File /Users/smorris/Desktop/CSCI320/term-project-mhe36-msalomo2-nyarnall-sboppana-smorri21-tdesimo1/functions/src/index.ts changed, reloading triggers
[debug] [2022-05-03T19:32:15.616Z] DEBUG: File /Users/smorris/Desktop/CSCI320/term-project-mhe36-msalomo2-nyarnall-sboppana-smorri21-tdesimo1/functions/lib/index.js.map changed, reloading triggers
[debug] [2022-05-03T19:32:15.617Z] DEBUG: File /Users/smorris/Desktop/CSCI320/term-project-mhe36-msalomo2-nyarnall-sboppana-smorri21-tdesimo1/functions/lib/index.js changed, reloading triggers
[debug] [2022-05-03T19:32:16.619Z] Validating nodejs source
[debug] [2022-05-03T19:32:17.232Z] > [functions] package.json contents: {
  "name": "functions",
  "scripts": {
    "lint": "eslint --ext .js,.ts .",
    "build": "tsc",
    "serve": "npm run build && firebase emulators:start --only functions",
    "shell": "npm run build && firebase functions:shell",
    "start": "npm run shell",
    "deploy": "firebase deploy --only functions",
    "logs": "firebase functions:log"
  },
  "engines": {
    "node": "16"
  },
  "main": "lib/index.js",
  "dependencies": {
    "firebase-admin": "^10.0.2",
    "firebase-functions": "^3.18.0"
  },
  "devDependencies": {
    "@typescript-eslint/eslint-plugin": "^5.12.0",
    "@typescript-eslint/parser": "^5.12.0",
    "eslint": "^8.9.0",
    "eslint-config-google": "^0.14.0",
    "eslint-plugin-import": "^2.25.4",
    "firebase-functions-test": "^0.2.0",
    "typescript": "^4.5.4"
  },
  "private": true
}
[debug] [2022-05-03T19:32:17.232Z] Building nodejs source
[debug] [2022-05-03T19:32:17.232Z] Analyzing nodejs backend spec
[debug] [2022-05-03T19:33:30.598Z] DEBUG: File /Users/smorris/Desktop/CSCI320/term-project-mhe36-msalomo2-nyarnall-sboppana-smorri21-tdesimo1/functions/src/index.ts changed, reloading triggers
[debug] [2022-05-03T19:33:30.598Z] DEBUG: File /Users/smorris/Desktop/CSCI320/term-project-mhe36-msalomo2-nyarnall-sboppana-smorri21-tdesimo1/functions/lib/index.js.map changed, reloading triggers
[debug] [2022-05-03T19:33:30.598Z] DEBUG: File /Users/smorris/Desktop/CSCI320/term-project-mhe36-msalomo2-nyarnall-sboppana-smorri21-tdesimo1/functions/lib/index.js changed, reloading triggers
[debug] [2022-05-03T19:33:31.600Z] Validating nodejs source
[debug] [2022-05-03T19:33:32.381Z] > [functions] package.json contents: {
  "name": "functions",
  "scripts": {
    "lint": "eslint --ext .js,.ts .",
    "build": "tsc",
    "serve": "npm run build && firebase emulators:start --only functions",
    "shell": "npm run build && firebase functions:shell",
    "start": "npm run shell",
    "deploy": "firebase deploy --only functions",
    "logs": "firebase functions:log"
  },
  "engines": {
    "node": "16"
  },
  "main": "lib/index.js",
  "dependencies": {
    "firebase-admin": "^10.0.2",
    "firebase-functions": "^3.18.0"
  },
  "devDependencies": {
    "@typescript-eslint/eslint-plugin": "^5.12.0",
    "@typescript-eslint/parser": "^5.12.0",
    "eslint": "^8.9.0",
    "eslint-config-google": "^0.14.0",
    "eslint-plugin-import": "^2.25.4",
    "firebase-functions-test": "^0.2.0",
    "typescript": "^4.5.4"
  },
  "private": true
}
[debug] [2022-05-03T19:33:32.382Z] Building nodejs source
[debug] [2022-05-03T19:33:32.382Z] Analyzing nodejs backend spec
[debug] [2022-05-03T19:33:44.131Z] DEBUG: File /Users/smorris/Desktop/CSCI320/term-project-mhe36-msalomo2-nyarnall-sboppana-smorri21-tdesimo1/functions/src/index.ts changed, reloading triggers
[debug] [2022-05-03T19:33:44.231Z] DEBUG: File /Users/smorris/Desktop/CSCI320/term-project-mhe36-msalomo2-nyarnall-sboppana-smorri21-tdesimo1/functions/src/index.ts changed, reloading triggers
[debug] [2022-05-03T19:33:44.743Z] DEBUG: File /Users/smorris/Desktop/CSCI320/term-project-mhe36-msalomo2-nyarnall-sboppana-smorri21-tdesimo1/functions/lib/index.js.map changed, reloading triggers
[debug] [2022-05-03T19:33:44.744Z] DEBUG: File /Users/smorris/Desktop/CSCI320/term-project-mhe36-msalomo2-nyarnall-sboppana-smorri21-tdesimo1/functions/lib/index.js changed, reloading triggers
[debug] [2022-05-03T19:33:45.745Z] Validating nodejs source
[debug] [2022-05-03T19:33:46.629Z] > [functions] package.json contents: {
  "name": "functions",
  "scripts": {
    "lint": "eslint --ext .js,.ts .",
    "build": "tsc",
    "serve": "npm run build && firebase emulators:start --only functions",
    "shell": "npm run build && firebase functions:shell",
    "start": "npm run shell",
    "deploy": "firebase deploy --only functions",
    "logs": "firebase functions:log"
  },
  "engines": {
    "node": "16"
  },
  "main": "lib/index.js",
  "dependencies": {
    "firebase-admin": "^10.0.2",
    "firebase-functions": "^3.18.0"
  },
  "devDependencies": {
    "@typescript-eslint/eslint-plugin": "^5.12.0",
    "@typescript-eslint/parser": "^5.12.0",
    "eslint": "^8.9.0",
    "eslint-config-google": "^0.14.0",
    "eslint-plugin-import": "^2.25.4",
    "firebase-functions-test": "^0.2.0",
    "typescript": "^4.5.4"
  },
  "private": true
}
[debug] [2022-05-03T19:33:46.630Z] Building nodejs source
[debug] [2022-05-03T19:33:46.630Z] Analyzing nodejs backend spec
[debug] [2022-05-03T19:34:00.612Z] DEBUG: File /Users/smorris/Desktop/CSCI320/term-project-mhe36-msalomo2-nyarnall-sboppana-smorri21-tdesimo1/functions/src/index.ts changed, reloading triggers
[debug] [2022-05-03T19:34:00.955Z] DEBUG: File /Users/smorris/Desktop/CSCI320/term-project-mhe36-msalomo2-nyarnall-sboppana-smorri21-tdesimo1/functions/lib/index.js.map changed, reloading triggers
[debug] [2022-05-03T19:34:00.956Z] DEBUG: File /Users/smorris/Desktop/CSCI320/term-project-mhe36-msalomo2-nyarnall-sboppana-smorri21-tdesimo1/functions/lib/index.js changed, reloading triggers
[debug] [2022-05-03T19:34:01.957Z] Validating nodejs source
[debug] [2022-05-03T19:34:02.537Z] > [functions] package.json contents: {
  "name": "functions",
  "scripts": {
    "lint": "eslint --ext .js,.ts .",
    "build": "tsc",
    "serve": "npm run build && firebase emulators:start --only functions",
    "shell": "npm run build && firebase functions:shell",
    "start": "npm run shell",
    "deploy": "firebase deploy --only functions",
    "logs": "firebase functions:log"
  },
  "engines": {
    "node": "16"
  },
  "main": "lib/index.js",
  "dependencies": {
    "firebase-admin": "^10.0.2",
    "firebase-functions": "^3.18.0"
  },
  "devDependencies": {
    "@typescript-eslint/eslint-plugin": "^5.12.0",
    "@typescript-eslint/parser": "^5.12.0",
    "eslint": "^8.9.0",
    "eslint-config-google": "^0.14.0",
    "eslint-plugin-import": "^2.25.4",
    "firebase-functions-test": "^0.2.0",
    "typescript": "^4.5.4"
  },
  "private": true
}
[debug] [2022-05-03T19:34:02.538Z] Building nodejs source
[debug] [2022-05-03T19:34:02.538Z] Analyzing nodejs backend spec
[debug] [2022-05-03T19:34:20.536Z] DEBUG: File /Users/smorris/Desktop/CSCI320/term-project-mhe36-msalomo2-nyarnall-sboppana-smorri21-tdesimo1/functions/src/index.ts changed, reloading triggers
[debug] [2022-05-03T19:34:20.862Z] DEBUG: File /Users/smorris/Desktop/CSCI320/term-project-mhe36-msalomo2-nyarnall-sboppana-smorri21-tdesimo1/functions/lib/index.js.map changed, reloading triggers
[debug] [2022-05-03T19:34:20.862Z] DEBUG: File /Users/smorris/Desktop/CSCI320/term-project-mhe36-msalomo2-nyarnall-sboppana-smorri21-tdesimo1/functions/lib/index.js changed, reloading triggers
[debug] [2022-05-03T19:34:21.864Z] Validating nodejs source
[debug] [2022-05-03T19:34:22.410Z] > [functions] package.json contents: {
  "name": "functions",
  "scripts": {
    "lint": "eslint --ext .js,.ts .",
    "build": "tsc",
    "serve": "npm run build && firebase emulators:start --only functions",
    "shell": "npm run build && firebase functions:shell",
    "start": "npm run shell",
    "deploy": "firebase deploy --only functions",
    "logs": "firebase functions:log"
  },
  "engines": {
    "node": "16"
  },
  "main": "lib/index.js",
  "dependencies": {
    "firebase-admin": "^10.0.2",
    "firebase-functions": "^3.18.0"
  },
  "devDependencies": {
    "@typescript-eslint/eslint-plugin": "^5.12.0",
    "@typescript-eslint/parser": "^5.12.0",
    "eslint": "^8.9.0",
    "eslint-config-google": "^0.14.0",
    "eslint-plugin-import": "^2.25.4",
    "firebase-functions-test": "^0.2.0",
    "typescript": "^4.5.4"
  },
  "private": true
}
[debug] [2022-05-03T19:34:22.410Z] Building nodejs source
[debug] [2022-05-03T19:34:22.410Z] Analyzing nodejs backend spec
[debug] [2022-05-03T19:34:26.676Z] DEBUG: File /Users/smorris/Desktop/CSCI320/term-project-mhe36-msalomo2-nyarnall-sboppana-smorri21-tdesimo1/functions/src/index.ts changed, reloading triggers
[debug] [2022-05-03T19:34:27.056Z] DEBUG: File /Users/smorris/Desktop/CSCI320/term-project-mhe36-msalomo2-nyarnall-sboppana-smorri21-tdesimo1/functions/lib/index.js.map changed, reloading triggers
[debug] [2022-05-03T19:34:27.056Z] DEBUG: File /Users/smorris/Desktop/CSCI320/term-project-mhe36-msalomo2-nyarnall-sboppana-smorri21-tdesimo1/functions/lib/index.js changed, reloading triggers
[debug] [2022-05-03T19:34:28.058Z] Validating nodejs source
[debug] [2022-05-03T19:34:28.657Z] > [functions] package.json contents: {
  "name": "functions",
  "scripts": {
    "lint": "eslint --ext .js,.ts .",
    "build": "tsc",
    "serve": "npm run build && firebase emulators:start --only functions",
    "shell": "npm run build && firebase functions:shell",
    "start": "npm run shell",
    "deploy": "firebase deploy --only functions",
    "logs": "firebase functions:log"
  },
  "engines": {
    "node": "16"
  },
  "main": "lib/index.js",
  "dependencies": {
    "firebase-admin": "^10.0.2",
    "firebase-functions": "^3.18.0"
  },
  "devDependencies": {
    "@typescript-eslint/eslint-plugin": "^5.12.0",
    "@typescript-eslint/parser": "^5.12.0",
    "eslint": "^8.9.0",
    "eslint-config-google": "^0.14.0",
    "eslint-plugin-import": "^2.25.4",
    "firebase-functions-test": "^0.2.0",
    "typescript": "^4.5.4"
  },
  "private": true
}
[debug] [2022-05-03T19:34:28.657Z] Building nodejs source
[debug] [2022-05-03T19:34:28.658Z] Analyzing nodejs backend spec
[debug] [2022-05-03T19:34:30.208Z] shell:updateMonthlyAvgs: trigger={"entryPoint":"updateMonthlyAvgs","platform":"gcfv1","region":"us-central1","name":"updateMonthlyAvgs","id":"us-central1-updateMonthlyAvgs","codebase":"default","labels":{"deployment-scheduled":"true"},"eventTrigger":{"eventType":"pubsub","resource":""},"schedule":{"schedule":"0 0 1 * *","timeZone":"America/New_York"}}
[debug] [2022-05-03T19:34:30.209Z] shell:updateMonthlyAvgs: opts={}, data={}
[debug] [2022-05-03T19:34:30.210Z] DEBUG: [worker-pool] Cleaned up workers for us-central1-updateMonthlyAvgs: 1 --> 0
[debug] [2022-05-03T19:34:30.221Z] DEBUG: [worker-pool] addWorker(us-central1-updateMonthlyAvgs)
[debug] [2022-05-03T19:34:30.223Z] DEBUG: [worker-pool] Adding worker with key us-central1-updateMonthlyAvgs, total=1
[debug] [2022-05-03T19:34:30.223Z] DEBUG: [worker-pool] submitWork(triggerId=us-central1-updateMonthlyAvgs)
[debug] [2022-05-03T19:34:30.223Z] DEBUG: [worker-us-central1-updateMonthlyAvgs-d574cd8a-8bed-44e5-9482-6be9a9eabaae]: Assigning socketPath: /var/folders/x7/h7kcw3vn4ws5jkwjhf8wt06h0000gn/T/fire_emu_71514.sock
[debug] [2022-05-03T19:34:30.223Z] DEBUG: [worker-us-central1-updateMonthlyAvgs-d574cd8a-8bed-44e5-9482-6be9a9eabaae]: BUSY
[debug] [2022-05-03T19:34:30.552Z] DEBUG: [runtime-status] [71514] Functions runtime initialized. {"cwd":"/Users/smorris/Desktop/CSCI320/term-project-mhe36-msalomo2-nyarnall-sboppana-smorri21-tdesimo1/functions","node_version":"16.14.2"}
[debug] [2022-05-03T19:34:30.553Z] DEBUG: [runtime-status] [71514] Disabled runtime features: undefined
[debug] [2022-05-03T19:34:30.554Z] DEBUG: [runtime-status] [71514] Resolved module firebase-admin {"declared":true,"installed":true,"version":"10.1.0","resolution":"/Users/smorris/Desktop/CSCI320/term-project-mhe36-msalomo2-nyarnall-sboppana-smorri21-tdesimo1/functions/node_modules/firebase-admin/lib/index.js"}
[debug] [2022-05-03T19:34:30.555Z] DEBUG: [runtime-status] [71514] Resolved module firebase-functions {"declared":true,"installed":true,"version":"3.20.1","resolution":"/Users/smorris/Desktop/CSCI320/term-project-mhe36-msalomo2-nyarnall-sboppana-smorri21-tdesimo1/functions/node_modules/firebase-functions/lib/index.js"}
[debug] [2022-05-03T19:34:30.555Z] DEBUG: [runtime-status] [71514] Outgoing network have been stubbed. [{"name":"http","status":"mocked"},{"name":"http","status":"mocked"},{"name":"https","status":"mocked"},{"name":"https","status":"mocked"},{"name":"net","status":"mocked"}]
[debug] [2022-05-03T19:34:30.555Z] DEBUG: [runtime-status] [71514] Resolved module firebase-functions {"declared":true,"installed":true,"version":"3.20.1","resolution":"/Users/smorris/Desktop/CSCI320/term-project-mhe36-msalomo2-nyarnall-sboppana-smorri21-tdesimo1/functions/node_modules/firebase-functions/lib/index.js"}
[debug] [2022-05-03T19:34:30.580Z] DEBUG: [runtime-status] [71514] Checked functions.config() {"config":{}}
[debug] [2022-05-03T19:34:30.580Z] DEBUG: [runtime-status] [71514] firebase-functions has been stubbed. {"functionsResolution":{"declared":true,"installed":true,"version":"3.20.1","resolution":"/Users/smorris/Desktop/CSCI320/term-project-mhe36-msalomo2-nyarnall-sboppana-smorri21-tdesimo1/functions/node_modules/firebase-functions/lib/index.js"}}
[debug] [2022-05-03T19:34:30.580Z] DEBUG: [runtime-status] [71514] Resolved module firebase-functions {"declared":true,"installed":true,"version":"3.20.1","resolution":"/Users/smorris/Desktop/CSCI320/term-project-mhe36-msalomo2-nyarnall-sboppana-smorri21-tdesimo1/functions/node_modules/firebase-functions/lib/index.js"}
[debug] [2022-05-03T19:34:30.581Z] DEBUG: [runtime-status] [71514] Resolved module firebase-admin {"declared":true,"installed":true,"version":"10.1.0","resolution":"/Users/smorris/Desktop/CSCI320/term-project-mhe36-msalomo2-nyarnall-sboppana-smorri21-tdesimo1/functions/node_modules/firebase-admin/lib/index.js"}
[debug] [2022-05-03T19:34:30.581Z] DEBUG: [runtime-status] [71514] Resolved module firebase-functions {"declared":true,"installed":true,"version":"3.20.1","resolution":"/Users/smorris/Desktop/CSCI320/term-project-mhe36-msalomo2-nyarnall-sboppana-smorri21-tdesimo1/functions/node_modules/firebase-functions/lib/index.js"}
[debug] [2022-05-03T19:34:30.581Z] DEBUG: [runtime-status] [71514] firebase-admin has been stubbed. {"adminResolution":{"declared":true,"installed":true,"version":"10.1.0","resolution":"/Users/smorris/Desktop/CSCI320/term-project-mhe36-msalomo2-nyarnall-sboppana-smorri21-tdesimo1/functions/node_modules/firebase-admin/lib/index.js"}}
[debug] [2022-05-03T19:34:30.582Z] DEBUG: [runtime-status] [71514] initializeApp(DEFAULT) {"storageBucket":"time-tracker-669e3.appspot.com","projectId":"time-tracker-669e3"}
[debug] [2022-05-03T19:34:30.582Z] DEBUG: [runtime-status] [71514] Beginning invocation function updateMonthlyAvgs!
[debug] [2022-05-03T19:34:30.582Z] [functions] Beginning execution of "updateMonthlyAvgs"
[debug] [2022-05-03T19:34:30.583Z] DEBUG: [runtime-status] [71514] Running updateMonthlyAvgs in signature event
[debug] [2022-05-03T19:34:30.583Z] DEBUG: [runtime-status] [71514] ProcessBackground {"eventId":"6572c4a7-05c7-44de-8d05-2149248c2b9b","timestamp":"2022-05-03T19:34:30.209Z","eventType":"pubsub","data":{}}
[debug] [2022-05-03T19:34:30.583Z] DEBUG: [runtime-status] [71514] RunBackground {"data":{},"context":{"eventId":"6572c4a7-05c7-44de-8d05-2149248c2b9b","timestamp":"2022-05-03T19:34:30.209Z","eventType":"pubsub"}}
[info] >  April {"user":"April","metadata":{"emulator":{"name":"functions"},"function":{"name":"us-central1-updateMonthlyAvgs"},"extension":{},"message":"\u001b[90m> \u001b[39m April"}}
[debug] [2022-05-03T19:34:30.719Z] DEBUG: [runtime-status] [71514] Ephemeral server survived.
[warn] ⚠  functions: TypeError: Cannot read properties of undefined (reading 'push')
    at /Users/smorris/Desktop/CSCI320/term-project-mhe36-msalomo2-nyarnall-sboppana-smorri21-tdesimo1/functions/lib/index.js:231:43
    at processTicksAndRejections (node:internal/process/task_queues:96:5)
    at async runFunction (/Users/smorris/.nvm/versions/node/v16.14.2/lib/node_modules/firebase-tools/lib/emulator/functionsEmulatorRuntime.js:564:9)
    at async runBackground (/Users/smorris/.nvm/versions/node/v16.14.2/lib/node_modules/firebase-tools/lib/emulator/functionsEmulatorRuntime.js:576:5)
    at async processBackground (/Users/smorris/.nvm/versions/node/v16.14.2/lib/node_modules/firebase-tools/lib/emulator/functionsEmulatorRuntime.js:559:5)
    at async invokeTrigger (/Users/smorris/.nvm/versions/node/v16.14.2/lib/node_modules/firebase-tools/lib/emulator/functionsEmulatorRuntime.js:640:13)
    at async handleMessage (/Users/smorris/.nvm/versions/node/v16.14.2/lib/node_modules/firebase-tools/lib/emulator/functionsEmulatorRuntime.js:742:9) {"metadata":{"emulator":{"name":"functions"},"function":{"name":"us-central1-updateMonthlyAvgs"},"extension":{},"message":"TypeError: Cannot read properties of undefined (reading 'push')\n    at /Users/smorris/Desktop/CSCI320/term-project-mhe36-msalomo2-nyarnall-sboppana-smorri21-tdesimo1/functions/lib/index.js:231:43\n    at processTicksAndRejections (node:internal/process/task_queues:96:5)\n    at async runFunction (/Users/smorris/.nvm/versions/node/v16.14.2/lib/node_modules/firebase-tools/lib/emulator/functionsEmulatorRuntime.js:564:9)\n    at async runBackground (/Users/smorris/.nvm/versions/node/v16.14.2/lib/node_modules/firebase-tools/lib/emulator/functionsEmulatorRuntime.js:576:5)\n    at async processBackground (/Users/smorris/.nvm/versions/node/v16.14.2/lib/node_modules/firebase-tools/lib/emulator/functionsEmulatorRuntime.js:559:5)\n    at async invokeTrigger (/Users/smorris/.nvm/versions/node/v16.14.2/lib/node_modules/firebase-tools/lib/emulator/functionsEmulatorRuntime.js:640:13)\n    at async handleMessage (/Users/smorris/.nvm/versions/node/v16.14.2/lib/node_modules/firebase-tools/lib/emulator/functionsEmulatorRuntime.js:742:9)"}}
[warn] ⚠  Your function was killed because it raised an unhandled error. {"metadata":{"emulator":{"name":"functions"},"function":{"name":"us-central1-updateMonthlyAvgs"},"extension":{},"message":"Your function was killed because it raised an unhandled error."}}
[debug] [2022-05-03T19:34:30.722Z] DEBUG: [worker-us-central1-updateMonthlyAvgs-d574cd8a-8bed-44e5-9482-6be9a9eabaae]: exited
[debug] [2022-05-03T19:34:30.722Z] DEBUG: [worker-us-central1-updateMonthlyAvgs-d574cd8a-8bed-44e5-9482-6be9a9eabaae]: FINISHED
[debug] [2022-05-03T19:35:29.656Z] shell:updateMonthlyAvgs: trigger={"entryPoint":"updateMonthlyAvgs","platform":"gcfv1","region":"us-central1","name":"updateMonthlyAvgs","id":"us-central1-updateMonthlyAvgs","codebase":"default","labels":{"deployment-scheduled":"true"},"eventTrigger":{"eventType":"pubsub","resource":""},"schedule":{"schedule":"0 0 1 * *","timeZone":"America/New_York"}}
[debug] [2022-05-03T19:35:29.657Z] shell:updateMonthlyAvgs: opts={}, data={}
[debug] [2022-05-03T19:35:29.657Z] DEBUG: [worker-pool] Cleaned up workers for us-central1-updateMonthlyAvgs: 1 --> 0
[debug] [2022-05-03T19:35:29.662Z] DEBUG: [worker-pool] addWorker(us-central1-updateMonthlyAvgs)
[debug] [2022-05-03T19:35:29.662Z] DEBUG: [worker-pool] Adding worker with key us-central1-updateMonthlyAvgs, total=1
[debug] [2022-05-03T19:35:29.662Z] DEBUG: [worker-pool] submitWork(triggerId=us-central1-updateMonthlyAvgs)
[debug] [2022-05-03T19:35:29.662Z] DEBUG: [worker-us-central1-updateMonthlyAvgs-9bf55f7e-d3da-46b3-8648-62abda8e9aec]: Assigning socketPath: /var/folders/x7/h7kcw3vn4ws5jkwjhf8wt06h0000gn/T/fire_emu_71538.sock
[debug] [2022-05-03T19:35:29.663Z] DEBUG: [worker-us-central1-updateMonthlyAvgs-9bf55f7e-d3da-46b3-8648-62abda8e9aec]: BUSY
[debug] [2022-05-03T19:35:29.979Z] DEBUG: [runtime-status] [71538] Functions runtime initialized. {"cwd":"/Users/smorris/Desktop/CSCI320/term-project-mhe36-msalomo2-nyarnall-sboppana-smorri21-tdesimo1/functions","node_version":"16.14.2"}
[debug] [2022-05-03T19:35:29.980Z] DEBUG: [runtime-status] [71538] Disabled runtime features: undefined
[debug] [2022-05-03T19:35:29.981Z] DEBUG: [runtime-status] [71538] Resolved module firebase-admin {"declared":true,"installed":true,"version":"10.1.0","resolution":"/Users/smorris/Desktop/CSCI320/term-project-mhe36-msalomo2-nyarnall-sboppana-smorri21-tdesimo1/functions/node_modules/firebase-admin/lib/index.js"}
[debug] [2022-05-03T19:35:29.982Z] DEBUG: [runtime-status] [71538] Resolved module firebase-functions {"declared":true,"installed":true,"version":"3.20.1","resolution":"/Users/smorris/Desktop/CSCI320/term-project-mhe36-msalomo2-nyarnall-sboppana-smorri21-tdesimo1/functions/node_modules/firebase-functions/lib/index.js"}
[debug] [2022-05-03T19:35:29.982Z] DEBUG: [runtime-status] [71538] Outgoing network have been stubbed. [{"name":"http","status":"mocked"},{"name":"http","status":"mocked"},{"name":"https","status":"mocked"},{"name":"https","status":"mocked"},{"name":"net","status":"mocked"}]
[debug] [2022-05-03T19:35:29.982Z] DEBUG: [runtime-status] [71538] Resolved module firebase-functions {"declared":true,"installed":true,"version":"3.20.1","resolution":"/Users/smorris/Desktop/CSCI320/term-project-mhe36-msalomo2-nyarnall-sboppana-smorri21-tdesimo1/functions/node_modules/firebase-functions/lib/index.js"}
[debug] [2022-05-03T19:35:30.008Z] DEBUG: [runtime-status] [71538] Checked functions.config() {"config":{}}
[debug] [2022-05-03T19:35:30.008Z] DEBUG: [runtime-status] [71538] firebase-functions has been stubbed. {"functionsResolution":{"declared":true,"installed":true,"version":"3.20.1","resolution":"/Users/smorris/Desktop/CSCI320/term-project-mhe36-msalomo2-nyarnall-sboppana-smorri21-tdesimo1/functions/node_modules/firebase-functions/lib/index.js"}}
[debug] [2022-05-03T19:35:30.008Z] DEBUG: [runtime-status] [71538] Resolved module firebase-functions {"declared":true,"installed":true,"version":"3.20.1","resolution":"/Users/smorris/Desktop/CSCI320/term-project-mhe36-msalomo2-nyarnall-sboppana-smorri21-tdesimo1/functions/node_modules/firebase-functions/lib/index.js"}
[debug] [2022-05-03T19:35:30.009Z] DEBUG: [runtime-status] [71538] Resolved module firebase-admin {"declared":true,"installed":true,"version":"10.1.0","resolution":"/Users/smorris/Desktop/CSCI320/term-project-mhe36-msalomo2-nyarnall-sboppana-smorri21-tdesimo1/functions/node_modules/firebase-admin/lib/index.js"}
[debug] [2022-05-03T19:35:30.009Z] DEBUG: [runtime-status] [71538] Resolved module firebase-functions {"declared":true,"installed":true,"version":"3.20.1","resolution":"/Users/smorris/Desktop/CSCI320/term-project-mhe36-msalomo2-nyarnall-sboppana-smorri21-tdesimo1/functions/node_modules/firebase-functions/lib/index.js"}
[debug] [2022-05-03T19:35:30.009Z] DEBUG: [runtime-status] [71538] firebase-admin has been stubbed. {"adminResolution":{"declared":true,"installed":true,"version":"10.1.0","resolution":"/Users/smorris/Desktop/CSCI320/term-project-mhe36-msalomo2-nyarnall-sboppana-smorri21-tdesimo1/functions/node_modules/firebase-admin/lib/index.js"}}
[debug] [2022-05-03T19:35:30.010Z] DEBUG: [runtime-status] [71538] initializeApp(DEFAULT) {"storageBucket":"time-tracker-669e3.appspot.com","projectId":"time-tracker-669e3"}
[debug] [2022-05-03T19:35:30.010Z] DEBUG: [runtime-status] [71538] Beginning invocation function updateMonthlyAvgs!
[debug] [2022-05-03T19:35:30.010Z] [functions] Beginning execution of "updateMonthlyAvgs"
[debug] [2022-05-03T19:35:30.010Z] DEBUG: [runtime-status] [71538] Running updateMonthlyAvgs in signature event
[debug] [2022-05-03T19:35:30.010Z] DEBUG: [runtime-status] [71538] ProcessBackground {"eventId":"7b7301e8-40af-4cce-bdb5-91c37461272b","timestamp":"2022-05-03T19:35:29.657Z","eventType":"pubsub","data":{}}
[debug] [2022-05-03T19:35:30.010Z] DEBUG: [runtime-status] [71538] RunBackground {"data":{},"context":{"eventId":"7b7301e8-40af-4cce-bdb5-91c37461272b","timestamp":"2022-05-03T19:35:29.657Z","eventType":"pubsub"}}
[info] >  April {"user":"April","metadata":{"emulator":{"name":"functions"},"function":{"name":"us-central1-updateMonthlyAvgs"},"extension":{},"message":"\u001b[90m> \u001b[39m April"}}
[debug] [2022-05-03T19:35:30.153Z] DEBUG: [runtime-status] [71538] Ephemeral server survived.
[debug] [2022-05-03T19:35:30.153Z] [functions] Finished "updateMonthlyAvgs" in ~1s
[debug] [2022-05-03T19:35:30.153Z] DEBUG: [worker-us-central1-updateMonthlyAvgs-9bf55f7e-d3da-46b3-8648-62abda8e9aec]: IDLE
[debug] [2022-05-03T19:35:36.088Z] DEBUG: File /Users/smorris/Desktop/CSCI320/term-project-mhe36-msalomo2-nyarnall-sboppana-smorri21-tdesimo1/functions/src/index.ts changed, reloading triggers
[debug] [2022-05-03T19:35:36.391Z] DEBUG: File /Users/smorris/Desktop/CSCI320/term-project-mhe36-msalomo2-nyarnall-sboppana-smorri21-tdesimo1/functions/lib/index.js.map changed, reloading triggers
[debug] [2022-05-03T19:35:36.391Z] DEBUG: File /Users/smorris/Desktop/CSCI320/term-project-mhe36-msalomo2-nyarnall-sboppana-smorri21-tdesimo1/functions/lib/index.js changed, reloading triggers
[debug] [2022-05-03T19:35:37.392Z] DEBUG: [worker-pool] Shutting down IDLE worker (us-central1-updateMonthlyAvgs)
[debug] [2022-05-03T19:35:37.392Z] DEBUG: [worker-us-central1-updateMonthlyAvgs-9bf55f7e-d3da-46b3-8648-62abda8e9aec]: FINISHING
[debug] [2022-05-03T19:35:37.393Z] Validating nodejs source
[debug] [2022-05-03T19:35:38.147Z] > [functions] package.json contents: {
  "name": "functions",
  "scripts": {
    "lint": "eslint --ext .js,.ts .",
    "build": "tsc",
    "serve": "npm run build && firebase emulators:start --only functions",
    "shell": "npm run build && firebase functions:shell",
    "start": "npm run shell",
    "deploy": "firebase deploy --only functions",
    "logs": "firebase functions:log"
  },
  "engines": {
    "node": "16"
  },
  "main": "lib/index.js",
  "dependencies": {
    "firebase-admin": "^10.0.2",
    "firebase-functions": "^3.18.0"
  },
  "devDependencies": {
    "@typescript-eslint/eslint-plugin": "^5.12.0",
    "@typescript-eslint/parser": "^5.12.0",
    "eslint": "^8.9.0",
    "eslint-config-google": "^0.14.0",
    "eslint-plugin-import": "^2.25.4",
    "firebase-functions-test": "^0.2.0",
    "typescript": "^4.5.4"
  },
  "private": true
}
[debug] [2022-05-03T19:35:38.148Z] Building nodejs source
[debug] [2022-05-03T19:35:38.148Z] Analyzing nodejs backend spec
[debug] [2022-05-03T19:35:38.153Z] DEBUG: [worker-us-central1-updateMonthlyAvgs-9bf55f7e-d3da-46b3-8648-62abda8e9aec]: exited
[debug] [2022-05-03T19:35:38.153Z] DEBUG: [worker-us-central1-updateMonthlyAvgs-9bf55f7e-d3da-46b3-8648-62abda8e9aec]: FINISHED
